<?xml version="1.0" encoding="UTF-8"?>
<!-- Generated by org.testng.reporters.JUnitXMLReporter -->
<testsuite ignored="0" hostname="DTP-SDE47-IND" failures="1" tests="4" name="BookAppointment" time="12.075" errors="0" timestamp="2024-05-12T13:38:34 IST">
  <testcase classname="com.cases.ValidateFooter" name="checkFooter" time="0.049"/>
  <testcase classname="com.cases.ValidateTitle" name="checkTitle" time="0.031">
    <failure type="java.lang.AssertionError" message="expected [CURA Healthcare] but found [CURA Healthcare Service]">
      <![CDATA[java.lang.AssertionError: expected [CURA Healthcare] but found [CURA Healthcare Service]
at com.cases.ValidateTitle.checkTitle(ValidateTitle.java:48)
at java.base/java.util.ArrayList.forEach(ArrayList.java:1511)
at java.base/java.util.concurrent.FutureTask.run(FutureTask.java:264)
at java.base/java.util.concurrent.ThreadPoolExecutor.runWorker(ThreadPoolExecutor.java:1136)
at java.base/java.util.concurrent.ThreadPoolExecutor$Worker.run(ThreadPoolExecutor.java:635)
at java.base/java.lang.Thread.run(Thread.java:833)
... Removed 23 stack frames]]>
    </failure>
  </testcase> <!-- checkTitle -->
  <testcase classname="com.cases.Login" name="performLogin" time="7.197"/>
  <testcase classname="com.cases.BookAppointment" name="bookAppointment" time="7.53"/>
</testsuite> <!-- BookAppointment -->
