<?xml version="1.0" encoding="UTF-8"?>
<!-- Generated by org.testng.reporters.JUnitXMLReporter -->
<testsuite ignored="0" hostname="DTP-SDE47-IND" failures="0" tests="4" name="Login" time="10.873" errors="0" timestamp="2024-06-23T19:28:21 IST">
  <testcase classname="com.cases.ValidateFooter" name="checkFooter" time="0.044"/>
  <testcase classname="com.cases.ValidateTitle" name="checkTitle" time="0.031"/>
  <testcase classname="com.cases.Login" name="performLogin" time="6.923"/>
  <testcase classname="com.cases.BookAppointment" name="bookAppointment" time="7.358"/>
</testsuite> <!-- Login -->
