<?xml version="1.0" encoding="UTF-8"?>
<testng-results ignored="0" total="2" passed="2" failed="0" skipped="0">
  <reporter-output>
  </reporter-output>
  <suite started-at="2024-05-12T13:38:22 IST" name="Suite" finished-at="2024-05-12T13:38:34 IST" duration-ms="12075">
    <groups>
    </groups>
    <test started-at="2024-05-12T13:38:22 IST" name="BookAppointment" finished-at="2024-05-12T13:38:34 IST" duration-ms="12075">
      <class name="com.cases.BookAppointment">
        <test-method is-config="true" signature="initialize()[pri:0, instance:com.cases.BookAppointment@7728643a]" started-at="2024-05-12T13:38:22 IST" name="initialize" finished-at="2024-05-12T13:38:26 IST" duration-ms="4381" status="PASS">
          <reporter-output>
          </reporter-output>
        </test-method> <!-- initialize -->
        <test-method signature="bookAppointment()[pri:0, instance:com.cases.BookAppointment@7728643a]" started-at="2024-05-12T13:38:26 IST" name="bookAppointment" finished-at="2024-05-12T13:38:34 IST" duration-ms="7530" status="PASS">
          <reporter-output>
          </reporter-output>
        </test-method> <!-- bookAppointment -->
        <test-method is-config="true" signature="teardown()[pri:0, instance:com.cases.BookAppointment@7728643a]" started-at="2024-05-12T13:38:34 IST" name="teardown" finished-at="2024-05-12T13:38:34 IST" duration-ms="119" status="PASS">
          <reporter-output>
          </reporter-output>
        </test-method> <!-- teardown -->
      </class> <!-- com.cases.BookAppointment -->
    </test> <!-- BookAppointment -->
    <test started-at="2024-05-12T13:38:22 IST" name="Login" finished-at="2024-05-12T13:38:34 IST" duration-ms="11737">
      <class name="com.cases.Login">
        <test-method is-config="true" signature="initialize()[pri:0, instance:com.cases.Login@f5c79a6]" started-at="2024-05-12T13:38:22 IST" name="initialize" finished-at="2024-05-12T13:38:26 IST" duration-ms="4381" status="PASS">
          <reporter-output>
          </reporter-output>
        </test-method> <!-- initialize -->
        <test-method signature="performLogin()[pri:0, instance:com.cases.Login@f5c79a6]" started-at="2024-05-12T13:38:26 IST" name="performLogin" finished-at="2024-05-12T13:38:34 IST" duration-ms="7197" status="PASS">
          <reporter-output>
          </reporter-output>
        </test-method> <!-- performLogin -->
        <test-method is-config="true" signature="teardown()[pri:0, instance:com.cases.Login@f5c79a6]" started-at="2024-05-12T13:38:34 IST" name="teardown" finished-at="2024-05-12T13:38:34 IST" duration-ms="111" status="PASS">
          <reporter-output>
          </reporter-output>
        </test-method> <!-- teardown -->
      </class> <!-- com.cases.Login -->
    </test> <!-- Login -->
  </suite> <!-- Suite -->
</testng-results>
