<?xml version="1.0" encoding="UTF-8"?>
<testng-results ignored="0" total="3" passed="3" failed="0" skipped="0">
  <reporter-output>
  </reporter-output>
  <suite started-at="2024-06-23T19:28:10 IST" name="Suite" finished-at="2024-06-23T19:28:21 IST" duration-ms="11694">
    <groups>
    </groups>
    <test started-at="2024-06-23T19:28:10 IST" name="Login" finished-at="2024-06-23T19:28:21 IST" duration-ms="10873">
      <class name="com.cases.Login">
        <test-method is-config="true" signature="initialize()[pri:0, instance:com.cases.Login@f9b7332]" started-at="2024-06-23T19:28:10 IST" name="initialize" finished-at="2024-06-23T19:28:14 IST" duration-ms="3787" status="PASS">
          <reporter-output>
          </reporter-output>
        </test-method> <!-- initialize -->
        <test-method signature="performLogin()[pri:0, instance:com.cases.Login@f9b7332]" started-at="2024-06-23T19:28:14 IST" name="performLogin" finished-at="2024-06-23T19:28:21 IST" duration-ms="6923" status="PASS">
          <reporter-output>
          </reporter-output>
        </test-method> <!-- performLogin -->
        <test-method is-config="true" signature="teardown()[pri:0, instance:com.cases.Login@f9b7332]" started-at="2024-06-23T19:28:21 IST" name="teardown" finished-at="2024-06-23T19:28:21 IST" duration-ms="123" status="PASS">
          <reporter-output>
          </reporter-output>
        </test-method> <!-- teardown -->
      </class> <!-- com.cases.Login -->
    </test> <!-- Login -->
    <test started-at="2024-06-23T19:28:10 IST" name="BookAppointment" finished-at="2024-06-23T19:28:21 IST" duration-ms="11694">
      <class name="com.cases.BookAppointment">
        <test-method is-config="true" signature="initialize()[pri:0, instance:com.cases.BookAppointment@517bd097]" started-at="2024-06-23T19:28:10 IST" name="initialize" finished-at="2024-06-23T19:28:14 IST" duration-ms="3787" status="PASS">
          <reporter-output>
          </reporter-output>
        </test-method> <!-- initialize -->
        <test-method signature="bookAppointment()[pri:0, instance:com.cases.BookAppointment@517bd097]" started-at="2024-06-23T19:28:14 IST" name="bookAppointment" finished-at="2024-06-23T19:28:21 IST" duration-ms="7358" status="PASS">
          <reporter-output>
          </reporter-output>
        </test-method> <!-- bookAppointment -->
        <test-method signature="validateHistory()[pri:0, instance:com.cases.BookAppointment@517bd097]" started-at="2024-06-23T19:28:21 IST" name="validateHistory" finished-at="2024-06-23T19:28:21 IST" depends-on-methods="com.cases.BookAppointment.bookAppointment" duration-ms="404" status="PASS">
          <reporter-output>
          </reporter-output>
        </test-method> <!-- validateHistory -->
        <test-method is-config="true" signature="teardown()[pri:0, instance:com.cases.BookAppointment@517bd097]" started-at="2024-06-23T19:28:21 IST" name="teardown" finished-at="2024-06-23T19:28:21 IST" duration-ms="108" status="PASS">
          <reporter-output>
          </reporter-output>
        </test-method> <!-- teardown -->
      </class> <!-- com.cases.BookAppointment -->
    </test> <!-- BookAppointment -->
  </suite> <!-- Suite -->
</testng-results>
